{"/home/siva/Crystal Delta/E-Commerce/backend/src/Resolvers/order.resolver.ts": {"path":"/home/siva/Crystal Delta/E-Commerce/backend/src/Resolvers/order.resolver.ts","statementMap":{"0":{"start":{"line":1,"column":0},"end":{"line":1,"column":62}},"1":{"start":{"line":2,"column":0},"end":{"line":2,"column":46}},"2":{"start":{"line":3,"column":0},"end":{"line":3,"column":44}},"3":{"start":{"line":4,"column":0},"end":{"line":4,"column":50}},"4":{"start":{"line":7,"column":7},"end":{"line":73,"column":null}},"5":{"start":{"line":10,"column":4},"end":{"line":10,"column":64}},"6":{"start":{"line":15,"column":4},"end":{"line":18,"column":7}},"7":{"start":{"line":28,"column":17},"end":{"line":28,"column":53}},"8":{"start":{"line":29,"column":4},"end":{"line":29,"column":49}},"9":{"start":{"line":29,"column":15},"end":{"line":29,"column":49}},"10":{"start":{"line":31,"column":20},"end":{"line":31,"column":62}},"11":{"start":{"line":32,"column":4},"end":{"line":32,"column":55}},"12":{"start":{"line":32,"column":18},"end":{"line":32,"column":55}},"13":{"start":{"line":34,"column":18},"end":{"line":34,"column":69}},"14":{"start":{"line":35,"column":4},"end":{"line":35,"column":30}},"15":{"start":{"line":46,"column":18},"end":{"line":46,"column":47}},"16":{"start":{"line":47,"column":4},"end":{"line":47,"column":28}},"17":{"start":{"line":47,"column":16},"end":{"line":47,"column":28}},"18":{"start":{"line":49,"column":4},"end":{"line":49,"column":64}},"19":{"start":{"line":49,"column":34},"end":{"line":49,"column":64}},"20":{"start":{"line":50,"column":4},"end":{"line":50,"column":52}},"21":{"start":{"line":50,"column":30},"end":{"line":50,"column":52}},"22":{"start":{"line":52,"column":4},"end":{"line":56,"column":5}},"23":{"start":{"line":53,"column":22},"end":{"line":53,"column":64}},"24":{"start":{"line":54,"column":6},"end":{"line":54,"column":57}},"25":{"start":{"line":54,"column":20},"end":{"line":54,"column":57}},"26":{"start":{"line":55,"column":6},"end":{"line":55,"column":30}},"27":{"start":{"line":58,"column":4},"end":{"line":62,"column":5}},"28":{"start":{"line":59,"column":19},"end":{"line":59,"column":55}},"29":{"start":{"line":60,"column":6},"end":{"line":60,"column":51}},"30":{"start":{"line":60,"column":17},"end":{"line":60,"column":51}},"31":{"start":{"line":61,"column":6},"end":{"line":61,"column":24}},"32":{"start":{"line":64,"column":4},"end":{"line":64,"column":23}},"33":{"start":{"line":65,"column":4},"end":{"line":65,"column":17}},"34":{"start":{"line":70,"column":19},"end":{"line":70,"column":41}},"35":{"start":{"line":71,"column":4},"end":{"line":71,"column":33}},"36":{"start":{"line":7,"column":13},"end":{"line":7,"column":26}},"37":{"start":{"line":9,"column":8},"end":{"line":11,"column":null}},"38":{"start":{"line":8,"column":15},"end":{"line":8,"column":22}},"39":{"start":{"line":14,"column":8},"end":{"line":19,"column":null}},"40":{"start":{"line":13,"column":15},"end":{"line":13,"column":20}},"41":{"start":{"line":22,"column":8},"end":{"line":36,"column":null}},"42":{"start":{"line":21,"column":18},"end":{"line":21,"column":23}},"43":{"start":{"line":39,"column":8},"end":{"line":66,"column":null}},"44":{"start":{"line":38,"column":18},"end":{"line":38,"column":23}},"45":{"start":{"line":69,"column":8},"end":{"line":72,"column":null}},"46":{"start":{"line":68,"column":18},"end":{"line":68,"column":25}},"47":{"start":{"line":7,"column":13},"end":{"line":73,"column":null}},"48":{"start":{"line":6,"column":18},"end":{"line":6,"column":23}}},"fnMap":{"0":{"name":"(anonymous_11)","decl":{"start":{"line":9,"column":8},"end":{"line":9,"column":17}},"loc":{"start":{"line":9,"column":17},"end":{"line":11,"column":null}}},"1":{"name":"(anonymous_13)","decl":{"start":{"line":14,"column":8},"end":{"line":14,"column":16}},"loc":{"start":{"line":14,"column":38},"end":{"line":19,"column":null}}},"2":{"name":"(anonymous_15)","decl":{"start":{"line":22,"column":8},"end":{"line":22,"column":19}},"loc":{"start":{"line":26,"column":33},"end":{"line":36,"column":null}}},"3":{"name":"(anonymous_17)","decl":{"start":{"line":39,"column":8},"end":{"line":39,"column":19}},"loc":{"start":{"line":44,"column":54},"end":{"line":66,"column":null}}},"4":{"name":"(anonymous_19)","decl":{"start":{"line":69,"column":8},"end":{"line":69,"column":19}},"loc":{"start":{"line":69,"column":41},"end":{"line":72,"column":null}}},"5":{"name":"(anonymous_21)","decl":{"start":{"line":8,"column":9},"end":{"line":8,"column":12}},"loc":{"start":{"line":8,"column":15},"end":{"line":8,"column":22}}},"6":{"name":"(anonymous_22)","decl":{"start":{"line":13,"column":9},"end":{"line":13,"column":12}},"loc":{"start":{"line":13,"column":15},"end":{"line":13,"column":20}}},"7":{"name":"(anonymous_23)","decl":{"start":{"line":21,"column":12},"end":{"line":21,"column":15}},"loc":{"start":{"line":21,"column":18},"end":{"line":21,"column":23}}},"8":{"name":"(anonymous_24)","decl":{"start":{"line":38,"column":12},"end":{"line":38,"column":15}},"loc":{"start":{"line":38,"column":18},"end":{"line":38,"column":23}}},"9":{"name":"(anonymous_25)","decl":{"start":{"line":68,"column":12},"end":{"line":68,"column":15}},"loc":{"start":{"line":68,"column":18},"end":{"line":68,"column":25}}},"10":{"name":"(anonymous_26)","decl":{"start":{"line":6,"column":10},"end":{"line":6,"column":11}},"loc":{"start":{"line":6,"column":18},"end":{"line":6,"column":23}}}},"branchMap":{"0":{"loc":{"start":{"line":29,"column":4},"end":{"line":29,"column":49}},"type":"if","locations":[{"start":{"line":29,"column":4},"end":{"line":29,"column":49}}]},"1":{"loc":{"start":{"line":32,"column":4},"end":{"line":32,"column":55}},"type":"if","locations":[{"start":{"line":32,"column":4},"end":{"line":32,"column":55}}]},"2":{"loc":{"start":{"line":47,"column":4},"end":{"line":47,"column":28}},"type":"if","locations":[{"start":{"line":47,"column":4},"end":{"line":47,"column":28}}]},"3":{"loc":{"start":{"line":49,"column":4},"end":{"line":49,"column":64}},"type":"if","locations":[{"start":{"line":49,"column":4},"end":{"line":49,"column":64}}]},"4":{"loc":{"start":{"line":50,"column":4},"end":{"line":50,"column":52}},"type":"if","locations":[{"start":{"line":50,"column":4},"end":{"line":50,"column":52}}]},"5":{"loc":{"start":{"line":52,"column":4},"end":{"line":56,"column":5}},"type":"if","locations":[{"start":{"line":52,"column":4},"end":{"line":56,"column":5}}]},"6":{"loc":{"start":{"line":54,"column":6},"end":{"line":54,"column":57}},"type":"if","locations":[{"start":{"line":54,"column":6},"end":{"line":54,"column":57}}]},"7":{"loc":{"start":{"line":58,"column":4},"end":{"line":62,"column":5}},"type":"if","locations":[{"start":{"line":58,"column":4},"end":{"line":62,"column":5}}]},"8":{"loc":{"start":{"line":60,"column":6},"end":{"line":60,"column":51}},"type":"if","locations":[{"start":{"line":60,"column":6},"end":{"line":60,"column":51}}]}},"s":{"0":1,"1":1,"2":1,"3":1,"4":1,"5":1,"6":1,"7":1,"8":1,"9":0,"10":1,"11":1,"12":0,"13":1,"14":1,"15":0,"16":0,"17":0,"18":0,"19":0,"20":0,"21":0,"22":0,"23":0,"24":0,"25":0,"26":0,"27":0,"28":0,"29":0,"30":0,"31":0,"32":0,"33":0,"34":1,"35":1,"36":1,"37":1,"38":0,"39":1,"40":0,"41":1,"42":0,"43":1,"44":0,"45":1,"46":0,"47":1,"48":0},"f":{"0":1,"1":1,"2":1,"3":0,"4":1,"5":0,"6":0,"7":0,"8":0,"9":0,"10":0},"b":{"0":[0],"1":[0],"2":[0],"3":[0],"4":[0],"5":[0],"6":[0],"7":[0],"8":[0]}}
,"/home/siva/Crystal Delta/E-Commerce/backend/src/Resolvers/product.resolver.ts": {"path":"/home/siva/Crystal Delta/E-Commerce/backend/src/Resolvers/product.resolver.ts","statementMap":{"0":{"start":{"line":1,"column":0},"end":{"line":1,"column":62}},"1":{"start":{"line":2,"column":0},"end":{"line":2,"column":50}},"2":{"start":{"line":5,"column":7},"end":{"line":52,"column":null}},"3":{"start":{"line":8,"column":4},"end":{"line":8,"column":32}},"4":{"start":{"line":13,"column":4},"end":{"line":13,"column":44}},"5":{"start":{"line":23,"column":20},"end":{"line":23,"column":74}},"6":{"start":{"line":24,"column":4},"end":{"line":24,"column":32}},"7":{"start":{"line":35,"column":20},"end":{"line":35,"column":52}},"8":{"start":{"line":36,"column":4},"end":{"line":36,"column":30}},"9":{"start":{"line":36,"column":18},"end":{"line":36,"column":30}},"10":{"start":{"line":38,"column":4},"end":{"line":38,"column":34}},"11":{"start":{"line":38,"column":14},"end":{"line":38,"column":34}},"12":{"start":{"line":39,"column":4},"end":{"line":39,"column":55}},"13":{"start":{"line":39,"column":21},"end":{"line":39,"column":55}},"14":{"start":{"line":40,"column":4},"end":{"line":40,"column":37}},"15":{"start":{"line":40,"column":15},"end":{"line":40,"column":37}},"16":{"start":{"line":41,"column":4},"end":{"line":41,"column":46}},"17":{"start":{"line":41,"column":18},"end":{"line":41,"column":46}},"18":{"start":{"line":43,"column":4},"end":{"line":43,"column":25}},"19":{"start":{"line":44,"column":4},"end":{"line":44,"column":19}},"20":{"start":{"line":49,"column":19},"end":{"line":49,"column":43}},"21":{"start":{"line":50,"column":4},"end":{"line":50,"column":33}},"22":{"start":{"line":5,"column":13},"end":{"line":5,"column":28}},"23":{"start":{"line":7,"column":8},"end":{"line":9,"column":null}},"24":{"start":{"line":6,"column":15},"end":{"line":6,"column":24}},"25":{"start":{"line":12,"column":8},"end":{"line":14,"column":null}},"26":{"start":{"line":11,"column":15},"end":{"line":11,"column":22}},"27":{"start":{"line":17,"column":8},"end":{"line":25,"column":null}},"28":{"start":{"line":16,"column":18},"end":{"line":16,"column":25}},"29":{"start":{"line":28,"column":8},"end":{"line":45,"column":null}},"30":{"start":{"line":27,"column":18},"end":{"line":27,"column":25}},"31":{"start":{"line":48,"column":8},"end":{"line":51,"column":null}},"32":{"start":{"line":47,"column":18},"end":{"line":47,"column":25}},"33":{"start":{"line":5,"column":13},"end":{"line":52,"column":null}},"34":{"start":{"line":4,"column":16},"end":{"line":4,"column":23}}},"fnMap":{"0":{"name":"(anonymous_11)","decl":{"start":{"line":7,"column":8},"end":{"line":7,"column":19}},"loc":{"start":{"line":7,"column":19},"end":{"line":9,"column":null}}},"1":{"name":"(anonymous_13)","decl":{"start":{"line":12,"column":8},"end":{"line":12,"column":18}},"loc":{"start":{"line":12,"column":40},"end":{"line":14,"column":null}}},"2":{"name":"(anonymous_15)","decl":{"start":{"line":17,"column":8},"end":{"line":17,"column":21}},"loc":{"start":{"line":21,"column":57},"end":{"line":25,"column":null}}},"3":{"name":"(anonymous_17)","decl":{"start":{"line":28,"column":8},"end":{"line":28,"column":21}},"loc":{"start":{"line":33,"column":57},"end":{"line":45,"column":null}}},"4":{"name":"(anonymous_19)","decl":{"start":{"line":48,"column":8},"end":{"line":48,"column":21}},"loc":{"start":{"line":48,"column":43},"end":{"line":51,"column":null}}},"5":{"name":"(anonymous_21)","decl":{"start":{"line":6,"column":9},"end":{"line":6,"column":12}},"loc":{"start":{"line":6,"column":15},"end":{"line":6,"column":24}}},"6":{"name":"(anonymous_22)","decl":{"start":{"line":11,"column":9},"end":{"line":11,"column":12}},"loc":{"start":{"line":11,"column":15},"end":{"line":11,"column":22}}},"7":{"name":"(anonymous_23)","decl":{"start":{"line":16,"column":12},"end":{"line":16,"column":15}},"loc":{"start":{"line":16,"column":18},"end":{"line":16,"column":25}}},"8":{"name":"(anonymous_24)","decl":{"start":{"line":27,"column":12},"end":{"line":27,"column":15}},"loc":{"start":{"line":27,"column":18},"end":{"line":27,"column":25}}},"9":{"name":"(anonymous_25)","decl":{"start":{"line":47,"column":12},"end":{"line":47,"column":15}},"loc":{"start":{"line":47,"column":18},"end":{"line":47,"column":25}}},"10":{"name":"(anonymous_26)","decl":{"start":{"line":4,"column":10},"end":{"line":4,"column":12}},"loc":{"start":{"line":4,"column":16},"end":{"line":4,"column":23}}}},"branchMap":{"0":{"loc":{"start":{"line":36,"column":4},"end":{"line":36,"column":30}},"type":"if","locations":[{"start":{"line":36,"column":4},"end":{"line":36,"column":30}}]},"1":{"loc":{"start":{"line":38,"column":4},"end":{"line":38,"column":34}},"type":"if","locations":[{"start":{"line":38,"column":4},"end":{"line":38,"column":34}}]},"2":{"loc":{"start":{"line":39,"column":4},"end":{"line":39,"column":55}},"type":"if","locations":[{"start":{"line":39,"column":4},"end":{"line":39,"column":55}}]},"3":{"loc":{"start":{"line":40,"column":4},"end":{"line":40,"column":37}},"type":"if","locations":[{"start":{"line":40,"column":4},"end":{"line":40,"column":37}}]},"4":{"loc":{"start":{"line":41,"column":4},"end":{"line":41,"column":46}},"type":"if","locations":[{"start":{"line":41,"column":4},"end":{"line":41,"column":46}}]}},"s":{"0":1,"1":1,"2":1,"3":1,"4":2,"5":1,"6":1,"7":2,"8":2,"9":1,"10":1,"11":1,"12":1,"13":1,"14":1,"15":1,"16":1,"17":1,"18":1,"19":1,"20":2,"21":2,"22":1,"23":1,"24":0,"25":1,"26":0,"27":1,"28":0,"29":1,"30":0,"31":1,"32":0,"33":1,"34":0},"f":{"0":1,"1":2,"2":1,"3":2,"4":2,"5":0,"6":0,"7":0,"8":0,"9":0,"10":0},"b":{"0":[1],"1":[1],"2":[1],"3":[1],"4":[1]}}
,"/home/siva/Crystal Delta/E-Commerce/backend/src/Resolvers/user.resolver.ts": {"path":"/home/siva/Crystal Delta/E-Commerce/backend/src/Resolvers/user.resolver.ts","statementMap":{"0":{"start":{"line":1,"column":0},"end":{"line":1,"column":62}},"1":{"start":{"line":2,"column":0},"end":{"line":2,"column":44}},"2":{"start":{"line":3,"column":0},"end":{"line":3,"column":41}},"3":{"start":{"line":4,"column":0},"end":{"line":4,"column":60}},"4":{"start":{"line":7,"column":7},"end":{"line":75,"column":null}},"5":{"start":{"line":10,"column":4},"end":{"line":10,"column":29}},"6":{"start":{"line":15,"column":4},"end":{"line":15,"column":40}},"7":{"start":{"line":24,"column":25},"end":{"line":24,"column":56}},"8":{"start":{"line":25,"column":4},"end":{"line":27,"column":5}},"9":{"start":{"line":26,"column":6},"end":{"line":26,"column":62}},"10":{"start":{"line":29,"column":27},"end":{"line":29,"column":51}},"11":{"start":{"line":30,"column":17},"end":{"line":30,"column":71}},"12":{"start":{"line":31,"column":4},"end":{"line":31,"column":29}},"13":{"start":{"line":39,"column":17},"end":{"line":39,"column":48}},"14":{"start":{"line":40,"column":4},"end":{"line":42,"column":5}},"15":{"start":{"line":41,"column":6},"end":{"line":41,"column":65}},"16":{"start":{"line":44,"column":26},"end":{"line":44,"column":64}},"17":{"start":{"line":45,"column":4},"end":{"line":47,"column":5}},"18":{"start":{"line":46,"column":6},"end":{"line":46,"column":65}},"19":{"start":{"line":49,"column":4},"end":{"line":49,"column":16}},"20":{"start":{"line":59,"column":17},"end":{"line":59,"column":45}},"21":{"start":{"line":60,"column":4},"end":{"line":60,"column":27}},"22":{"start":{"line":60,"column":15},"end":{"line":60,"column":27}},"23":{"start":{"line":62,"column":4},"end":{"line":62,"column":31}},"24":{"start":{"line":62,"column":14},"end":{"line":62,"column":31}},"25":{"start":{"line":63,"column":4},"end":{"line":63,"column":34}},"26":{"start":{"line":63,"column":15},"end":{"line":63,"column":34}},"27":{"start":{"line":64,"column":4},"end":{"line":64,"column":59}},"28":{"start":{"line":64,"column":18},"end":{"line":64,"column":59}},"29":{"start":{"line":66,"column":4},"end":{"line":66,"column":22}},"30":{"start":{"line":67,"column":4},"end":{"line":67,"column":16}},"31":{"start":{"line":72,"column":19},"end":{"line":72,"column":40}},"32":{"start":{"line":73,"column":4},"end":{"line":73,"column":33}},"33":{"start":{"line":7,"column":13},"end":{"line":7,"column":25}},"34":{"start":{"line":9,"column":8},"end":{"line":11,"column":null}},"35":{"start":{"line":8,"column":15},"end":{"line":8,"column":21}},"36":{"start":{"line":14,"column":8},"end":{"line":16,"column":null}},"37":{"start":{"line":13,"column":15},"end":{"line":13,"column":19}},"38":{"start":{"line":19,"column":8},"end":{"line":32,"column":null}},"39":{"start":{"line":18,"column":18},"end":{"line":18,"column":22}},"40":{"start":{"line":35,"column":8},"end":{"line":50,"column":null}},"41":{"start":{"line":34,"column":18},"end":{"line":34,"column":22}},"42":{"start":{"line":53,"column":8},"end":{"line":68,"column":null}},"43":{"start":{"line":52,"column":18},"end":{"line":52,"column":22}},"44":{"start":{"line":71,"column":8},"end":{"line":74,"column":null}},"45":{"start":{"line":70,"column":18},"end":{"line":70,"column":25}},"46":{"start":{"line":7,"column":13},"end":{"line":75,"column":null}},"47":{"start":{"line":6,"column":16},"end":{"line":6,"column":20}}},"fnMap":{"0":{"name":"(anonymous_11)","decl":{"start":{"line":9,"column":8},"end":{"line":9,"column":16}},"loc":{"start":{"line":9,"column":16},"end":{"line":11,"column":null}}},"1":{"name":"(anonymous_13)","decl":{"start":{"line":14,"column":8},"end":{"line":14,"column":15}},"loc":{"start":{"line":14,"column":37},"end":{"line":16,"column":null}}},"2":{"name":"(anonymous_15)","decl":{"start":{"line":19,"column":8},"end":{"line":19,"column":16}},"loc":{"start":{"line":22,"column":37},"end":{"line":32,"column":null}}},"3":{"name":"(anonymous_17)","decl":{"start":{"line":35,"column":8},"end":{"line":35,"column":13}},"loc":{"start":{"line":37,"column":37},"end":{"line":50,"column":null}}},"4":{"name":"(anonymous_19)","decl":{"start":{"line":53,"column":8},"end":{"line":53,"column":18}},"loc":{"start":{"line":57,"column":57},"end":{"line":68,"column":null}}},"5":{"name":"(anonymous_21)","decl":{"start":{"line":71,"column":8},"end":{"line":71,"column":18}},"loc":{"start":{"line":71,"column":40},"end":{"line":74,"column":null}}},"6":{"name":"(anonymous_23)","decl":{"start":{"line":8,"column":9},"end":{"line":8,"column":12}},"loc":{"start":{"line":8,"column":15},"end":{"line":8,"column":21}}},"7":{"name":"(anonymous_24)","decl":{"start":{"line":13,"column":9},"end":{"line":13,"column":12}},"loc":{"start":{"line":13,"column":15},"end":{"line":13,"column":19}}},"8":{"name":"(anonymous_25)","decl":{"start":{"line":18,"column":12},"end":{"line":18,"column":15}},"loc":{"start":{"line":18,"column":18},"end":{"line":18,"column":22}}},"9":{"name":"(anonymous_26)","decl":{"start":{"line":34,"column":12},"end":{"line":34,"column":15}},"loc":{"start":{"line":34,"column":18},"end":{"line":34,"column":22}}},"10":{"name":"(anonymous_27)","decl":{"start":{"line":52,"column":12},"end":{"line":52,"column":15}},"loc":{"start":{"line":52,"column":18},"end":{"line":52,"column":22}}},"11":{"name":"(anonymous_28)","decl":{"start":{"line":70,"column":12},"end":{"line":70,"column":15}},"loc":{"start":{"line":70,"column":18},"end":{"line":70,"column":25}}},"12":{"name":"(anonymous_29)","decl":{"start":{"line":6,"column":10},"end":{"line":6,"column":12}},"loc":{"start":{"line":6,"column":16},"end":{"line":6,"column":20}}}},"branchMap":{"0":{"loc":{"start":{"line":25,"column":4},"end":{"line":27,"column":5}},"type":"if","locations":[{"start":{"line":25,"column":4},"end":{"line":27,"column":5}}]},"1":{"loc":{"start":{"line":40,"column":4},"end":{"line":42,"column":5}},"type":"if","locations":[{"start":{"line":40,"column":4},"end":{"line":42,"column":5}}]},"2":{"loc":{"start":{"line":45,"column":4},"end":{"line":47,"column":5}},"type":"if","locations":[{"start":{"line":45,"column":4},"end":{"line":47,"column":5}}]},"3":{"loc":{"start":{"line":60,"column":4},"end":{"line":60,"column":27}},"type":"if","locations":[{"start":{"line":60,"column":4},"end":{"line":60,"column":27}}]},"4":{"loc":{"start":{"line":62,"column":4},"end":{"line":62,"column":31}},"type":"if","locations":[{"start":{"line":62,"column":4},"end":{"line":62,"column":31}}]},"5":{"loc":{"start":{"line":63,"column":4},"end":{"line":63,"column":34}},"type":"if","locations":[{"start":{"line":63,"column":4},"end":{"line":63,"column":34}}]},"6":{"loc":{"start":{"line":64,"column":4},"end":{"line":64,"column":59}},"type":"if","locations":[{"start":{"line":64,"column":4},"end":{"line":64,"column":59}}]}},"s":{"0":1,"1":1,"2":1,"3":1,"4":1,"5":1,"6":2,"7":2,"8":2,"9":1,"10":1,"11":1,"12":1,"13":3,"14":3,"15":1,"16":2,"17":2,"18":1,"19":1,"20":2,"21":2,"22":1,"23":1,"24":1,"25":1,"26":1,"27":1,"28":1,"29":1,"30":1,"31":2,"32":2,"33":1,"34":1,"35":0,"36":1,"37":0,"38":1,"39":0,"40":1,"41":0,"42":1,"43":0,"44":1,"45":0,"46":1,"47":0},"f":{"0":1,"1":2,"2":2,"3":3,"4":2,"5":2,"6":0,"7":0,"8":0,"9":0,"10":0,"11":0,"12":0},"b":{"0":[1],"1":[1],"2":[1],"3":[1],"4":[1],"5":[1],"6":[1]}}
}
