TN:
SF:src/Resolvers/order.resolver.ts
FN:9,(anonymous_11)
FN:14,(anonymous_13)
FN:22,(anonymous_15)
FN:39,(anonymous_17)
FN:69,(anonymous_19)
FN:8,(anonymous_21)
FN:13,(anonymous_22)
FN:21,(anonymous_23)
FN:38,(anonymous_24)
FN:68,(anonymous_25)
FN:6,(anonymous_26)
FNF:11
FNH:4
FNDA:1,(anonymous_11)
FNDA:1,(anonymous_13)
FNDA:1,(anonymous_15)
FNDA:0,(anonymous_17)
FNDA:1,(anonymous_19)
FNDA:0,(anonymous_21)
FNDA:0,(anonymous_22)
FNDA:0,(anonymous_23)
FNDA:0,(anonymous_24)
FNDA:0,(anonymous_25)
FNDA:0,(anonymous_26)
DA:1,1
DA:2,1
DA:3,1
DA:4,1
DA:6,0
DA:7,1
DA:8,0
DA:9,1
DA:10,1
DA:13,0
DA:14,1
DA:15,1
DA:21,0
DA:22,1
DA:28,1
DA:29,1
DA:31,1
DA:32,1
DA:34,1
DA:35,1
DA:38,0
DA:39,1
DA:46,0
DA:47,0
DA:49,0
DA:50,0
DA:52,0
DA:53,0
DA:54,0
DA:55,0
DA:58,0
DA:59,0
DA:60,0
DA:61,0
DA:64,0
DA:65,0
DA:68,0
DA:69,1
DA:70,1
DA:71,1
LF:40
LH:20
BRDA:29,0,0,0
BRDA:32,1,0,0
BRDA:47,2,0,0
BRDA:49,3,0,0
BRDA:50,4,0,0
BRDA:52,5,0,0
BRDA:54,6,0,0
BRDA:58,7,0,0
BRDA:60,8,0,0
BRF:9
BRH:0
end_of_record
TN:
SF:src/Resolvers/product.resolver.ts
FN:7,(anonymous_11)
FN:12,(anonymous_13)
FN:17,(anonymous_15)
FN:28,(anonymous_17)
FN:48,(anonymous_19)
FN:6,(anonymous_21)
FN:11,(anonymous_22)
FN:16,(anonymous_23)
FN:27,(anonymous_24)
FN:47,(anonymous_25)
FN:4,(anonymous_26)
FNF:11
FNH:5
FNDA:1,(anonymous_11)
FNDA:2,(anonymous_13)
FNDA:1,(anonymous_15)
FNDA:2,(anonymous_17)
FNDA:2,(anonymous_19)
FNDA:0,(anonymous_21)
FNDA:0,(anonymous_22)
FNDA:0,(anonymous_23)
FNDA:0,(anonymous_24)
FNDA:0,(anonymous_25)
FNDA:0,(anonymous_26)
DA:1,1
DA:2,1
DA:4,0
DA:5,1
DA:6,0
DA:7,1
DA:8,1
DA:11,0
DA:12,1
DA:13,2
DA:16,0
DA:17,1
DA:23,1
DA:24,1
DA:27,0
DA:28,1
DA:35,2
DA:36,2
DA:38,1
DA:39,1
DA:40,1
DA:41,1
DA:43,1
DA:44,1
DA:47,0
DA:48,1
DA:49,2
DA:50,2
LF:28
LH:22
BRDA:36,0,0,1
BRDA:38,1,0,1
BRDA:39,2,0,1
BRDA:40,3,0,1
BRDA:41,4,0,1
BRF:5
BRH:5
end_of_record
TN:
SF:src/Resolvers/user.resolver.ts
FN:9,(anonymous_11)
FN:14,(anonymous_13)
FN:19,(anonymous_15)
FN:35,(anonymous_17)
FN:53,(anonymous_19)
FN:71,(anonymous_21)
FN:8,(anonymous_23)
FN:13,(anonymous_24)
FN:18,(anonymous_25)
FN:34,(anonymous_26)
FN:52,(anonymous_27)
FN:70,(anonymous_28)
FN:6,(anonymous_29)
FNF:13
FNH:6
FNDA:1,(anonymous_11)
FNDA:2,(anonymous_13)
FNDA:2,(anonymous_15)
FNDA:3,(anonymous_17)
FNDA:2,(anonymous_19)
FNDA:2,(anonymous_21)
FNDA:0,(anonymous_23)
FNDA:0,(anonymous_24)
FNDA:0,(anonymous_25)
FNDA:0,(anonymous_26)
FNDA:0,(anonymous_27)
FNDA:0,(anonymous_28)
FNDA:0,(anonymous_29)
DA:1,1
DA:2,1
DA:3,1
DA:4,1
DA:6,0
DA:7,1
DA:8,0
DA:9,1
DA:10,1
DA:13,0
DA:14,1
DA:15,2
DA:18,0
DA:19,1
DA:24,2
DA:25,2
DA:26,1
DA:29,1
DA:30,1
DA:31,1
DA:34,0
DA:35,1
DA:39,3
DA:40,3
DA:41,1
DA:44,2
DA:45,2
DA:46,1
DA:49,1
DA:52,0
DA:53,1
DA:59,2
DA:60,2
DA:62,1
DA:63,1
DA:64,1
DA:66,1
DA:67,1
DA:70,0
DA:71,1
DA:72,2
DA:73,2
LF:42
LH:35
BRDA:25,0,0,1
BRDA:40,1,0,1
BRDA:45,2,0,1
BRDA:60,3,0,1
BRDA:62,4,0,1
BRDA:63,5,0,1
BRDA:64,6,0,1
BRF:7
BRH:7
end_of_record
